Using pre-set license
Built from '6000.0/staging' branch; Version is '6000.0.31f1 (a206c360e2a8) revision 10618563'; Using compiler version '193933523'; Build Type 'Release'
OS: 'Windows 10  (10.0.19045) 64bit Core' Language: 'ru' Physical Memory: 7530 MB
BatchMode: 1, IsHumanControllingUs: 0, StartBugReporterOnCrash: 0, Is64bit: 1, IsPro: 1

COMMAND LINE ARGUMENTS:
C:\Program Files\Microsoft Visual Studio\6000.0.31f1\Editor\Unity.exe
-adb2
-batchMode
-noUpm
-name
AssetImportWorker4
-projectPath
C:/Users/Home/Desktop/PCTO/My project
-logFile
Logs/AssetImportWorker4.log
-srvPort
62494
-job-worker-count
7
-background-job-worker-count
8
-gc-helper-count
1
Successfully changed project path to: C:/Users/Home/Desktop/PCTO/My project
C:/Users/Home/Desktop/PCTO/My project
[UnityMemory] Configuration Parameters - Can be set up in boot.config
    "memorysetup-bucket-allocator-granularity=16"
    "memorysetup-bucket-allocator-bucket-count=8"
    "memorysetup-bucket-allocator-block-size=33554432"
    "memorysetup-bucket-allocator-block-count=8"
    "memorysetup-main-allocator-block-size=16777216"
    "memorysetup-thread-allocator-block-size=16777216"
    "memorysetup-gfx-main-allocator-block-size=16777216"
    "memorysetup-gfx-thread-allocator-block-size=16777216"
    "memorysetup-cache-allocator-block-size=4194304"
    "memorysetup-typetree-allocator-block-size=2097152"
    "memorysetup-profiler-bucket-allocator-granularity=16"
    "memorysetup-profiler-bucket-allocator-bucket-count=8"
    "memorysetup-profiler-bucket-allocator-block-size=33554432"
    "memorysetup-profiler-bucket-allocator-block-count=8"
    "memorysetup-profiler-allocator-block-size=16777216"
    "memorysetup-profiler-editor-allocator-block-size=1048576"
    "memorysetup-temp-allocator-size-main=16777216"
    "memorysetup-job-temp-allocator-block-size=2097152"
    "memorysetup-job-temp-allocator-block-size-background=1048576"
    "memorysetup-job-temp-allocator-reduction-small-platforms=262144"
    "memorysetup-allocator-temp-initial-block-size-main=262144"
    "memorysetup-allocator-temp-initial-block-size-worker=262144"
    "memorysetup-temp-allocator-size-background-worker=32768"
    "memorysetup-temp-allocator-size-job-worker=262144"
    "memorysetup-temp-allocator-size-preload-manager=33554432"
    "memorysetup-temp-allocator-size-nav-mesh-worker=65536"
    "memorysetup-temp-allocator-size-audio-worker=65536"
    "memorysetup-temp-allocator-size-cloud-worker=32768"
    "memorysetup-temp-allocator-size-gi-baking-worker=262144"
    "memorysetup-temp-allocator-size-gi-baking-worker=262144"
    "memorysetup-temp-allocator-size-gi-baking-worker=262144"
    "memorysetup-temp-allocator-size-gi-baking-worker=262144"
    "memorysetup-temp-allocator-size-gi-baking-worker=262144"
    "memorysetup-temp-allocator-size-gfx=262144"
Player connection [25036]  Target information:

Player connection [25036]  * "[IP] 192.168.145.239 [Port] 0 [Flags] 2 [Guid] 594224988 [EditorId] 594224988 [Version] 1048832 [Id] WindowsEditor(7,LAPTOP-F7T924M9) [Debug] 1 [PackageName] WindowsEditor [ProjectName] Editor" 

Player connection [25036] Host joined multi-casting on [225.0.0.222:54997]...
Player connection [25036] Host joined alternative multi-casting on [225.0.0.222:34997]...
JobSystem: Creating JobQueue using job-worker-count value 7
[Physics::Module] Initialized fallback backend.
[Physics::Module] Id: 0xdecafbad
Library Redirect Path: Library/
[Physics::Module] Selected backend.
[Physics::Module] Name: PhysX
[Physics::Module] Id: 0xf2b8ea05
[Physics::Module] SDK Version: 4.1.2
[Physics::Module] Integration Version: 1.0.0
[Physics::Module] Threading Mode: Multi-Threaded
Refreshing native plugins compatible for Editor in 3.87 ms, found 4 plugins.
Preloading 0 native plugins for Editor in 0.00 ms.
Initialize engine version: 6000.0.31f1 (a206c360e2a8)
[Subsystems] Discovering subsystems at path C:/Program Files/Microsoft Visual Studio/6000.0.31f1/Editor/Data/Resources/UnitySubsystems
[Subsystems] Discovering subsystems at path C:/Users/Home/Desktop/PCTO/My project/Assets
GfxDevice: creating device client; kGfxThreadingModeNonThreaded
Direct3D:
    Version:  Direct3D 11.0 [level 11.1]
    Renderer: AMD Radeon(TM) Graphics (ID=0x164c)
    Vendor:   ATI
    VRAM:     3765 MB
    Driver:   31.0.21921.1000
Initialize mono
Mono path[0] = 'C:/Program Files/Microsoft Visual Studio/6000.0.31f1/Editor/Data/Managed'
Mono path[1] = 'C:/Program Files/Microsoft Visual Studio/6000.0.31f1/Editor/Data/MonoBleedingEdge/lib/mono/unityjit-win32'
Mono config path = 'C:/Program Files/Microsoft Visual Studio/6000.0.31f1/Editor/Data/MonoBleedingEdge/etc'
Using monoOptions --debugger-agent=transport=dt_socket,embedding=1,server=y,suspend=n,address=127.0.0.1:56568
Begin MonoManager ReloadAssembly
Registering precompiled unity dll's ...
Register platform support module: C:/Program Files/Microsoft Visual Studio/6000.0.31f1/Editor/Data/PlaybackEngines/WebGLSupport/UnityEditor.WebGL.Extensions.dll
Register platform support module: C:/Program Files/Microsoft Visual Studio/6000.0.31f1/Editor/Data/PlaybackEngines/WindowsStandaloneSupport/UnityEditor.WindowsStandalone.Extensions.dll
Registered in 0.007582 seconds.
- Loaded All Assemblies, in  0.505 seconds
Native extension for WindowsStandalone target not found
Native extension for WebGL target not found
Mono: successfully reloaded assembly
- Finished resetting the current domain, in  0.404 seconds
Domain Reload Profiling: 906ms
	BeginReloadAssembly (159ms)
		ExecutionOrderSort (0ms)
		DisableScriptedObjects (0ms)
		BackupInstance (0ms)
		ReleaseScriptingObjects (0ms)
		CreateAndSetChildDomain (1ms)
	RebuildCommonClasses (51ms)
	RebuildNativeTypeToScriptingClass (15ms)
	initialDomainReloadingComplete (67ms)
	LoadAllAssembliesAndSetupDomain (209ms)
		LoadAssemblies (155ms)
		RebuildTransferFunctionScriptingTraits (0ms)
		AnalyzeDomain (205ms)
			TypeCache.Refresh (203ms)
				TypeCache.ScanAssembly (184ms)
			BuildScriptInfoCaches (0ms)
			ResolveRequiredComponents (1ms)
	FinalizeReload (404ms)
		ReleaseScriptCaches (0ms)
		RebuildScriptCaches (0ms)
		SetupLoadedEditorAssemblies (350ms)
			LogAssemblyErrors (0ms)
			InitializePlatformSupportModulesInManaged (35ms)
			SetLoadedEditorAssemblies (6ms)
			BeforeProcessingInitializeOnLoad (66ms)
			ProcessInitializeOnLoadAttributes (181ms)
			ProcessInitializeOnLoadMethodAttributes (62ms)
			AfterProcessingInitializeOnLoad (0ms)
			EditorAssembliesLoaded (0ms)
		ExecutionOrderSort2 (0ms)
		AwakeInstancesAfterBackupRestoration (0ms)
Assembly reference Packages/com.unity.cinemachine/Editor/Samples/ExposeHDRPInternals/HDRP-Editor-ref.asmref has no target assembly definition
========================================================================
Worker process is ready to serve import requests
Import Worker Mode flag is 0x00
Assembly reference Packages/com.unity.cinemachine/Editor/Samples/ExposeHDRPInternals/HDRP-Editor-ref.asmref has no target assembly definition
Assembly reference Packages/com.unity.cinemachine/Editor/Samples/ExposeHDRPInternals/HDRP-Editor-ref.asmref has no target assembly definition
Begin MonoManager ReloadAssembly
- Loaded All Assemblies, in  1.661 seconds
Assembly reference Packages/com.unity.cinemachine/Editor/Samples/ExposeHDRPInternals/HDRP-Editor-ref.asmref has no target assembly definition
'Packages/com.unity.cinemachine/Editor/Obsolete/CinemachineVirtualCameraBaseEditor.cs' contains partial class of Unity.Object, exactly 1 of the partial classes needs to be in a file with the same filename. This is to know the one that can be referenced from ie. GameObjects
'Packages/com.unity.cinemachine/Editor/Editors/CinemachineVirtualCameraBaseEditor.cs' contains partial class of Unity.Object, exactly 1 of the partial classes needs to be in a file with the same filename. This is to know the one that can be referenced from ie. GameObjects
Refreshing native plugins compatible for Editor in 8.57 ms, found 4 plugins.
Native extension for WindowsStandalone target not found
Native extension for WebGL target not found
Assembly reference Packages/com.unity.cinemachine/Editor/Samples/ExposeHDRPInternals/HDRP-Editor-ref.asmref has no target assembly definition
Package Manager log level set to [2]
[Package Manager] Failed to launch server process. Reason: Unity was launched with the -noUpm command-line argument
[Package Manager] Unable to send message (not connected to server process).
[Package Manager] Cannot connect to Unity Package Manager local server
Mono: successfully reloaded assembly
- Finished resetting the current domain, in  1.595 seconds
Domain Reload Profiling: 3255ms
	BeginReloadAssembly (219ms)
		ExecutionOrderSort (0ms)
		DisableScriptedObjects (7ms)
		BackupInstance (0ms)
		ReleaseScriptingObjects (0ms)
		CreateAndSetChildDomain (42ms)
	RebuildCommonClasses (42ms)
	RebuildNativeTypeToScriptingClass (13ms)
	initialDomainReloadingComplete (50ms)
	LoadAllAssembliesAndSetupDomain (1334ms)
		LoadAssemblies (866ms)
		RebuildTransferFunctionScriptingTraits (0ms)
		AnalyzeDomain (589ms)
			TypeCache.Refresh (452ms)
				TypeCache.ScanAssembly (420ms)
			BuildScriptInfoCaches (110ms)
			ResolveRequiredComponents (17ms)
	FinalizeReload (1596ms)
		ReleaseScriptCaches (0ms)
		RebuildScriptCaches (0ms)
		SetupLoadedEditorAssemblies (1310ms)
			LogAssemblyErrors (0ms)
			InitializePlatformSupportModulesInManaged (7ms)
			SetLoadedEditorAssemblies (10ms)
			BeforeProcessingInitializeOnLoad (198ms)
			ProcessInitializeOnLoadAttributes (910ms)
			ProcessInitializeOnLoadMethodAttributes (176ms)
			AfterProcessingInitializeOnLoad (7ms)
			EditorAssembliesLoaded (0ms)
		ExecutionOrderSort2 (0ms)
		AwakeInstancesAfterBackupRestoration (7ms)
Launched and connected shader compiler UnityShaderCompiler.exe after 0.02 seconds
Refreshing native plugins compatible for Editor in 3.41 ms, found 4 plugins.
Preloading 0 native plugins for Editor in 0.00 ms.
Unloading 235 Unused Serialized files (Serialized files now loaded: 0)
Unloading 6960 unused Assets / (5.2 MB). Loaded Objects now: 7670.
Memory consumption went from 187.3 MB to 182.1 MB.
Total: 20.376300 ms (FindLiveObjects: 3.530800 ms CreateObjectMapping: 1.102800 ms MarkObjects: 9.919700 ms  DeleteObjects: 5.818100 ms)

========================================================================
Received Import Request.
  Time since last request: 701524.301679 seconds.
  path: Assets/Enemies/Sprites/Boss/Attack_2/ezgif-frame-046.png
  artifactKey: Guid(50d0a6f7eb8fb374f935008d249ec9b6) Importer(815301076,1909f56bfc062723c751e8b465ee728b)
Start importing Assets/Enemies/Sprites/Boss/Attack_2/ezgif-frame-046.png using Guid(50d0a6f7eb8fb374f935008d249ec9b6) Importer(815301076,1909f56bfc062723c751e8b465ee728b) (PreviewImporter) -> (artifact id: '51d3e810c8b9392b50c90de6865707b9') in 0.1581969 seconds
Number of updated asset objects reloaded before import = 0Number of asset objects unloaded after import = 3

========================================================================
Received Import Request.
  Time since last request: 6.941752 seconds.
  path: Assets/Enemies/Sprites/Boss/Attack_2/ezgif-frame-047.png
  artifactKey: Guid(4ae0a6e93fa96f14090b403fefad42c7) Importer(815301076,1909f56bfc062723c751e8b465ee728b)
Start importing Assets/Enemies/Sprites/Boss/Attack_2/ezgif-frame-047.png using Guid(4ae0a6e93fa96f14090b403fefad42c7) Importer(815301076,1909f56bfc062723c751e8b465ee728b) (PreviewImporter) -> (artifact id: '7103b1eac6e7bb6c5d234ec6ae2bd0d2') in 0.0276211 seconds
Number of updated asset objects reloaded before import = 0Number of asset objects unloaded after import = 3

========================================================================
Received Import Request.
  Time since last request: 7.248823 seconds.
  path: Assets/Enemies/Sprites/Boss/Attack_2/ezgif-frame-048.png
  artifactKey: Guid(8ea5a2fee0cb99a478f9929ddcc9ba23) Importer(815301076,1909f56bfc062723c751e8b465ee728b)
Start importing Assets/Enemies/Sprites/Boss/Attack_2/ezgif-frame-048.png using Guid(8ea5a2fee0cb99a478f9929ddcc9ba23) Importer(815301076,1909f56bfc062723c751e8b465ee728b) (PreviewImporter) -> (artifact id: '5488c9c468eef8a94ce190bfbd609657') in 0.029165 seconds
Number of updated asset objects reloaded before import = 0Number of asset objects unloaded after import = 3

========================================================================
Received Import Request.
  Time since last request: 9.494883 seconds.
  path: Assets/Enemies/Sprites/Boss/Attack_2/ezgif-frame-049.png
  artifactKey: Guid(8f823ad00115b104b9b3a9e91ad08b5b) Importer(815301076,1909f56bfc062723c751e8b465ee728b)
Start importing Assets/Enemies/Sprites/Boss/Attack_2/ezgif-frame-049.png using Guid(8f823ad00115b104b9b3a9e91ad08b5b) Importer(815301076,1909f56bfc062723c751e8b465ee728b) (PreviewImporter) -> (artifact id: 'c2de793dacfaaa2ff308837b9258081b') in 0.0218307 seconds
Number of updated asset objects reloaded before import = 0Number of asset objects unloaded after import = 3

========================================================================
Received Import Request.
  Time since last request: 7.353562 seconds.
  path: Assets/Enemies/Sprites/Boss/Attack_2/ezgif-frame-050.png
  artifactKey: Guid(fbcaec42db3fb614697425885a8dd774) Importer(815301076,1909f56bfc062723c751e8b465ee728b)
Start importing Assets/Enemies/Sprites/Boss/Attack_2/ezgif-frame-050.png using Guid(fbcaec42db3fb614697425885a8dd774) Importer(815301076,1909f56bfc062723c751e8b465ee728b) (PreviewImporter) -> (artifact id: 'f5e943204ec905ec561a30b4fb3c7bc4') in 0.0285451 seconds
Number of updated asset objects reloaded before import = 0Number of asset objects unloaded after import = 3

========================================================================
Received Import Request.
  Time since last request: 87.392821 seconds.
  path: Assets/Enemies/Sprites/Boss/Attack_2/ezgif-frame-051.png
  artifactKey: Guid(dd858163af677624e80dbd4c3b41fc53) Importer(815301076,1909f56bfc062723c751e8b465ee728b)
Start importing Assets/Enemies/Sprites/Boss/Attack_2/ezgif-frame-051.png using Guid(dd858163af677624e80dbd4c3b41fc53) Importer(815301076,1909f56bfc062723c751e8b465ee728b) (PreviewImporter) -> (artifact id: '7b1b0755b6e6de7b9666da0f803481ad') in 0.0260877 seconds
Number of updated asset objects reloaded before import = 0Number of asset objects unloaded after import = 3

========================================================================
Received Import Request.
  Time since last request: 10.035004 seconds.
  path: Assets/Enemies/Sprites/Boss/Attack_2/ezgif-frame-052.png
  artifactKey: Guid(1cd3316694542644cb6fe6000838e5a7) Importer(815301076,1909f56bfc062723c751e8b465ee728b)
Start importing Assets/Enemies/Sprites/Boss/Attack_2/ezgif-frame-052.png using Guid(1cd3316694542644cb6fe6000838e5a7) Importer(815301076,1909f56bfc062723c751e8b465ee728b) (PreviewImporter) -> (artifact id: '8f4d20d46ed03c6bf3601c01f50ca905') in 0.0282156 seconds
Number of updated asset objects reloaded before import = 0Number of asset objects unloaded after import = 3

========================================================================
Received Import Request.
  Time since last request: 10.113052 seconds.
  path: Assets/Enemies/Sprites/Boss/Attack_2/ezgif-frame-053.png
  artifactKey: Guid(61b62ca1046828e4c8f182d99b454a98) Importer(815301076,1909f56bfc062723c751e8b465ee728b)
Start importing Assets/Enemies/Sprites/Boss/Attack_2/ezgif-frame-053.png using Guid(61b62ca1046828e4c8f182d99b454a98) Importer(815301076,1909f56bfc062723c751e8b465ee728b) (PreviewImporter) -> (artifact id: 'a1989b5e2f2fc16a09387937b00480d4') in 0.0269689 seconds
Number of updated asset objects reloaded before import = 0Number of asset objects unloaded after import = 3

========================================================================
Received Import Request.
  Time since last request: 13.608817 seconds.
  path: Assets/Enemies/Sprites/Boss/Attack_2/ezgif-frame-054.png
  artifactKey: Guid(b72d6577b4803024aaf0ebf048e0b87d) Importer(815301076,1909f56bfc062723c751e8b465ee728b)
Start importing Assets/Enemies/Sprites/Boss/Attack_2/ezgif-frame-054.png using Guid(b72d6577b4803024aaf0ebf048e0b87d) Importer(815301076,1909f56bfc062723c751e8b465ee728b) (PreviewImporter) -> (artifact id: 'f6daa26596648b3fe5efc98645bdc826') in 0.027096 seconds
Number of updated asset objects reloaded before import = 0Number of asset objects unloaded after import = 3

========================================================================
Received Import Request.
  Time since last request: 873.367614 seconds.
  path: Assets/Enemies/Sprites/Boss/Attack_2/ezgif-frame-056.png
  artifactKey: Guid(f68a463fa5363c644a2bda642f5e88b0) Importer(815301076,1909f56bfc062723c751e8b465ee728b)
Start importing Assets/Enemies/Sprites/Boss/Attack_2/ezgif-frame-056.png using Guid(f68a463fa5363c644a2bda642f5e88b0) Importer(815301076,1909f56bfc062723c751e8b465ee728b) (PreviewImporter) -> (artifact id: '68dda9324ca812832c277d5c6445d056') in 0.0541588 seconds
Number of updated asset objects reloaded before import = 0Number of asset objects unloaded after import = 3

========================================================================
Received Import Request.
  Time since last request: 11.749379 seconds.
  path: Assets/Enemies/Sprites/Boss/Attack_57.png
  artifactKey: Guid(0abeac083c4917f4ba345499149bad9f) Importer(815301076,1909f56bfc062723c751e8b465ee728b)
Start importing Assets/Enemies/Sprites/Boss/Attack_57.png using Guid(0abeac083c4917f4ba345499149bad9f) Importer(815301076,1909f56bfc062723c751e8b465ee728b) (PreviewImporter) -> (artifact id: 'f49ed063fd8258bcb5f38f58f2acd5c2') in 0.0256519 seconds
Number of updated asset objects reloaded before import = 0Number of asset objects unloaded after import = 3

========================================================================
Received Import Request.
  Time since last request: 262.983783 seconds.
  path: Assets/Enemies/Sprites/Boss/Attack_58.png
  artifactKey: Guid(200fc49f914d9f84885bf080c99e23c7) Importer(815301076,1909f56bfc062723c751e8b465ee728b)
Start importing Assets/Enemies/Sprites/Boss/Attack_58.png using Guid(200fc49f914d9f84885bf080c99e23c7) Importer(815301076,1909f56bfc062723c751e8b465ee728b) (PreviewImporter) -> (artifact id: '977f568c60b6e6de6a364bd561f9493c') in 0.0501798 seconds
Number of updated asset objects reloaded before import = 0Number of asset objects unloaded after import = 3

========================================================================
Received Import Request.
  Time since last request: 285.510418 seconds.
  path: Assets/Enemies/Sprites/Boss/Attack_59.png
  artifactKey: Guid(744a50fda2dee71499dca9d7e81b81ac) Importer(815301076,1909f56bfc062723c751e8b465ee728b)
Start importing Assets/Enemies/Sprites/Boss/Attack_59.png using Guid(744a50fda2dee71499dca9d7e81b81ac) Importer(815301076,1909f56bfc062723c751e8b465ee728b) (PreviewImporter) -> (artifact id: '7125d621bcfcdbf98ddeb470104c9dc5') in 0.0304749 seconds
Number of updated asset objects reloaded before import = 0Number of asset objects unloaded after import = 3

========================================================================
Received Import Request.
  Time since last request: 170.613695 seconds.
  path: Assets/Enemies/Sprites/Boss/Attack_60.png
  artifactKey: Guid(1d5952a918db4d34b9cd252e8e1d7ba6) Importer(815301076,1909f56bfc062723c751e8b465ee728b)
Start importing Assets/Enemies/Sprites/Boss/Attack_60.png using Guid(1d5952a918db4d34b9cd252e8e1d7ba6) Importer(815301076,1909f56bfc062723c751e8b465ee728b) (PreviewImporter) -> (artifact id: 'dc206be4dc5e6e6eeac2b489e43ce4e4') in 0.029638 seconds
Number of updated asset objects reloaded before import = 0Number of asset objects unloaded after import = 3

========================================================================
Received Import Request.
  Time since last request: 62.579578 seconds.
  path: Assets/Enemies/Sprites/Boss/Attack_60.png
  artifactKey: Guid(1d5952a918db4d34b9cd252e8e1d7ba6) Importer(815301076,1909f56bfc062723c751e8b465ee728b)
Start importing Assets/Enemies/Sprites/Boss/Attack_60.png using Guid(1d5952a918db4d34b9cd252e8e1d7ba6) Importer(815301076,1909f56bfc062723c751e8b465ee728b) (PreviewImporter) -> (artifact id: 'd08166b684c64f792fa63c894ff307e9') in 0.0227127 seconds
Number of updated asset objects reloaded before import = 0Number of asset objects unloaded after import = 3

========================================================================
Received Import Request.
  Time since last request: 35.856829 seconds.
  path: Assets/Enemies/Sprites/Boss/Attack_57.png
  artifactKey: Guid(0abeac083c4917f4ba345499149bad9f) Importer(815301076,1909f56bfc062723c751e8b465ee728b)
Start importing Assets/Enemies/Sprites/Boss/Attack_57.png using Guid(0abeac083c4917f4ba345499149bad9f) Importer(815301076,1909f56bfc062723c751e8b465ee728b) (PreviewImporter) -> (artifact id: '38e4cc12b6a43d9d9367a96ca12370a6') in 0.0285973 seconds
Number of updated asset objects reloaded before import = 0Number of asset objects unloaded after import = 3

========================================================================
Received Import Request.
  Time since last request: 10.497776 seconds.
  path: Assets/Enemies/Sprites/Boss/Attack_58.png
  artifactKey: Guid(200fc49f914d9f84885bf080c99e23c7) Importer(815301076,1909f56bfc062723c751e8b465ee728b)
Start importing Assets/Enemies/Sprites/Boss/Attack_58.png using Guid(200fc49f914d9f84885bf080c99e23c7) Importer(815301076,1909f56bfc062723c751e8b465ee728b) (PreviewImporter) -> (artifact id: '275439ef5502885938c3f5ae9e866c67') in 0.0264252 seconds
Number of updated asset objects reloaded before import = 0Number of asset objects unloaded after import = 3

========================================================================
Received Import Request.
  Time since last request: 10.548799 seconds.
  path: Assets/Enemies/Sprites/Boss/Attack_59.png
  artifactKey: Guid(744a50fda2dee71499dca9d7e81b81ac) Importer(815301076,1909f56bfc062723c751e8b465ee728b)
Start importing Assets/Enemies/Sprites/Boss/Attack_59.png using Guid(744a50fda2dee71499dca9d7e81b81ac) Importer(815301076,1909f56bfc062723c751e8b465ee728b) (PreviewImporter) -> (artifact id: '1b2e82acd4ea96a9a188b600b0fef01a') in 0.0237168 seconds
Number of updated asset objects reloaded before import = 0Number of asset objects unloaded after import = 3

========================================================================
Received Import Request.
  Time since last request: 25.712571 seconds.
  path: Assets/Enemies/Sprites/Boss/Attack_60.png
  artifactKey: Guid(1d5952a918db4d34b9cd252e8e1d7ba6) Importer(815301076,1909f56bfc062723c751e8b465ee728b)
Start importing Assets/Enemies/Sprites/Boss/Attack_60.png using Guid(1d5952a918db4d34b9cd252e8e1d7ba6) Importer(815301076,1909f56bfc062723c751e8b465ee728b) (PreviewImporter) -> (artifact id: '6b4824bcba671e53ad628e61eef616f7') in 0.0260282 seconds
Number of updated asset objects reloaded before import = 0Number of asset objects unloaded after import = 3

========================================================================
Received Import Request.
  Time since last request: 321.295618 seconds.
  path: Assets/TextMesh Pro/Fonts
  artifactKey: Guid(6ab70aee4d56447429c680537fbf93ed) Importer(815301076,1909f56bfc062723c751e8b465ee728b)
Start importing Assets/TextMesh Pro/Fonts using Guid(6ab70aee4d56447429c680537fbf93ed) Importer(815301076,1909f56bfc062723c751e8b465ee728b) (PreviewImporter) -> (artifact id: '1edbb87b2170d43e1ca5129787312f12') in 0.0043547 seconds
Number of updated asset objects reloaded before import = 0Number of asset objects unloaded after import = 0

========================================================================
Received Import Request.
  Time since last request: 1.560564 seconds.
  path: Assets/TextMesh Pro/Sprites/EmojiOne.png
  artifactKey: Guid(dffef66376be4fa480fb02b19edbe903) Importer(815301076,1909f56bfc062723c751e8b465ee728b)
Start importing Assets/TextMesh Pro/Sprites/EmojiOne.png using Guid(dffef66376be4fa480fb02b19edbe903) Importer(815301076,1909f56bfc062723c751e8b465ee728b) (PreviewImporter) -> (artifact id: '842de0dded45f7c7c5280c7fe54a808d') in 0.0350775 seconds
Number of updated asset objects reloaded before import = 0Number of asset objects unloaded after import = 2

========================================================================
Received Import Request.
  Time since last request: 1112.476038 seconds.
  path: Assets/Enemies/Sprites/DeathBoss.png
  artifactKey: Guid(4f62931872b36e3429a31a779a1e5abf) Importer(815301076,1909f56bfc062723c751e8b465ee728b)
Start importing Assets/Enemies/Sprites/DeathBoss.png using Guid(4f62931872b36e3429a31a779a1e5abf) Importer(815301076,1909f56bfc062723c751e8b465ee728b) (PreviewImporter) -> (artifact id: '14980c12a54b803223bb9d3b181c3687') in 0.2582297 seconds
Number of updated asset objects reloaded before import = 0Number of asset objects unloaded after import = 19

========================================================================
Received Import Request.
  Time since last request: 263.193114 seconds.
  path: Assets/Enemies/Sprites/DeathBoss.png
  artifactKey: Guid(4f62931872b36e3429a31a779a1e5abf) Importer(815301076,1909f56bfc062723c751e8b465ee728b)
Start importing Assets/Enemies/Sprites/DeathBoss.png using Guid(4f62931872b36e3429a31a779a1e5abf) Importer(815301076,1909f56bfc062723c751e8b465ee728b) (PreviewImporter) -> (artifact id: '25c3073366a2e306f3701b26edc749ab') in 0.2134238 seconds
Number of updated asset objects reloaded before import = 0Number of asset objects unloaded after import = 19

========================================================================
Received Import Request.
  Time since last request: 312.495369 seconds.
  path: Assets/Enemies/Sprites/DeathBoss.png
  artifactKey: Guid(4f62931872b36e3429a31a779a1e5abf) Importer(815301076,1909f56bfc062723c751e8b465ee728b)
Start importing Assets/Enemies/Sprites/DeathBoss.png using Guid(4f62931872b36e3429a31a779a1e5abf) Importer(815301076,1909f56bfc062723c751e8b465ee728b) (PreviewImporter) -> (artifact id: '8d894f140acd185d05b4ed78a36e64a0') in 0.1241418 seconds
Number of updated asset objects reloaded before import = 0Number of asset objects unloaded after import = 19

========================================================================
Received Import Request.
  Time since last request: 1834.509796 seconds.
  path: Assets/Enemies/Sprites/Boss/New Folder/Death.png
  artifactKey: Guid(492afe7e55dcb5c4fb826f589ce8ffd5) Importer(815301076,1909f56bfc062723c751e8b465ee728b)
Start importing Assets/Enemies/Sprites/Boss/New Folder/Death.png using Guid(492afe7e55dcb5c4fb826f589ce8ffd5) Importer(815301076,1909f56bfc062723c751e8b465ee728b) (PreviewImporter) -> (artifact id: 'b66917eccc4196a0e646907c84942502') in 0.2682752 seconds
Number of updated asset objects reloaded before import = 0Number of asset objects unloaded after import = 3

========================================================================
Received Import Request.
  Time since last request: 0.000176 seconds.
  path: Assets/Enemies/Sprites/Boss/New Folder/Death_4.png
  artifactKey: Guid(488839897f057a64b96e81dfda4ec5ae) Importer(815301076,1909f56bfc062723c751e8b465ee728b)
Start importing Assets/Enemies/Sprites/Boss/New Folder/Death_4.png using Guid(488839897f057a64b96e81dfda4ec5ae) Importer(815301076,1909f56bfc062723c751e8b465ee728b) (PreviewImporter) -> (artifact id: '67c59ec91e2d8d1475d082af8fec9b3c') in 0.0574888 seconds
Number of updated asset objects reloaded before import = 0Number of asset objects unloaded after import = 3

========================================================================
Received Import Request.
  Time since last request: 0.000041 seconds.
  path: Assets/Enemies/Sprites/Boss/New Folder/Death_2.png
  artifactKey: Guid(bd660ee29165ca440be9a45c32b7eb11) Importer(815301076,1909f56bfc062723c751e8b465ee728b)
Start importing Assets/Enemies/Sprites/Boss/New Folder/Death_2.png using Guid(bd660ee29165ca440be9a45c32b7eb11) Importer(815301076,1909f56bfc062723c751e8b465ee728b) (PreviewImporter) -> (artifact id: 'fdfd10506deeab48524694a4512da964') in 0.0529067 seconds
Number of updated asset objects reloaded before import = 0Number of asset objects unloaded after import = 3

========================================================================
Received Import Request.
  Time since last request: 0.000020 seconds.
  path: Assets/Enemies/Sprites/Boss/New Folder/Death_5.png
  artifactKey: Guid(640db42424aa1cd4fac9bc975878aef3) Importer(815301076,1909f56bfc062723c751e8b465ee728b)
Start importing Assets/Enemies/Sprites/Boss/New Folder/Death_5.png using Guid(640db42424aa1cd4fac9bc975878aef3) Importer(815301076,1909f56bfc062723c751e8b465ee728b) (PreviewImporter) -> (artifact id: 'b00d8723f552be68c94d019abb8d12bd') in 0.0449932 seconds
Number of updated asset objects reloaded before import = 0Number of asset objects unloaded after import = 3

========================================================================
Received Import Request.
  Time since last request: 0.000021 seconds.
  path: Assets/Enemies/Sprites/Boss/New Folder/Death_6.png
  artifactKey: Guid(bfb2200c742d4e7439eba84896def0eb) Importer(815301076,1909f56bfc062723c751e8b465ee728b)
Start importing Assets/Enemies/Sprites/Boss/New Folder/Death_6.png using Guid(bfb2200c742d4e7439eba84896def0eb) Importer(815301076,1909f56bfc062723c751e8b465ee728b) (PreviewImporter) -> (artifact id: '601ba93f58103da354b046e10e0d484d') in 0.0534145 seconds
Number of updated asset objects reloaded before import = 0Number of asset objects unloaded after import = 3

========================================================================
Received Import Request.
  Time since last request: 0.000032 seconds.
  path: Assets/Enemies/Sprites/Boss/New Folder/Death_3.png
  artifactKey: Guid(8241051fa5df38b42ae08bb1573981ca) Importer(815301076,1909f56bfc062723c751e8b465ee728b)
Start importing Assets/Enemies/Sprites/Boss/New Folder/Death_3.png using Guid(8241051fa5df38b42ae08bb1573981ca) Importer(815301076,1909f56bfc062723c751e8b465ee728b) (PreviewImporter) -> (artifact id: 'cf7282212d48ff6d574c688f3c7a7e0e') in 0.0536024 seconds
Number of updated asset objects reloaded before import = 0Number of asset objects unloaded after import = 3

========================================================================
Received Import Request.
  Time since last request: 23.185907 seconds.
  path: Assets/Enemies/Sprites/Boss/New Folder/Death.png
  artifactKey: Guid(492afe7e55dcb5c4fb826f589ce8ffd5) Importer(815301076,1909f56bfc062723c751e8b465ee728b)
Start importing Assets/Enemies/Sprites/Boss/New Folder/Death.png using Guid(492afe7e55dcb5c4fb826f589ce8ffd5) Importer(815301076,1909f56bfc062723c751e8b465ee728b) (PreviewImporter) -> (artifact id: 'e5a120591fb4e0e1b7b0f98b885ad566') in 0.0509384 seconds
Number of updated asset objects reloaded before import = 0Number of asset objects unloaded after import = 3

========================================================================
Received Import Request.
  Time since last request: 8.794104 seconds.
  path: Assets/Enemies/Sprites/Boss/New Folder/Death_1.png
  artifactKey: Guid(3b5865108148c1d47b3cabcc2691e6e7) Importer(815301076,1909f56bfc062723c751e8b465ee728b)
Start importing Assets/Enemies/Sprites/Boss/New Folder/Death_1.png using Guid(3b5865108148c1d47b3cabcc2691e6e7) Importer(815301076,1909f56bfc062723c751e8b465ee728b) (PreviewImporter) -> (artifact id: 'b15dcbce849326fdc2470ec02699fc7b') in 0.0421599 seconds
Number of updated asset objects reloaded before import = 0Number of asset objects unloaded after import = 3

========================================================================
Received Import Request.
  Time since last request: 6.706453 seconds.
  path: Assets/Enemies/Sprites/Boss/New Folder/Death_2.png
  artifactKey: Guid(bd660ee29165ca440be9a45c32b7eb11) Importer(815301076,1909f56bfc062723c751e8b465ee728b)
Start importing Assets/Enemies/Sprites/Boss/New Folder/Death_2.png using Guid(bd660ee29165ca440be9a45c32b7eb11) Importer(815301076,1909f56bfc062723c751e8b465ee728b) (PreviewImporter) -> (artifact id: '16893e39826b43f68719a1abc420ecbb') in 0.0354717 seconds
Number of updated asset objects reloaded before import = 0Number of asset objects unloaded after import = 3

========================================================================
Received Import Request.
  Time since last request: 8.694718 seconds.
  path: Assets/Enemies/Sprites/Boss/New Folder/Death_3.png
  artifactKey: Guid(8241051fa5df38b42ae08bb1573981ca) Importer(815301076,1909f56bfc062723c751e8b465ee728b)
Start importing Assets/Enemies/Sprites/Boss/New Folder/Death_3.png using Guid(8241051fa5df38b42ae08bb1573981ca) Importer(815301076,1909f56bfc062723c751e8b465ee728b) (PreviewImporter) -> (artifact id: '48c79a7b26b4c23006a875e5cb0ea7cb') in 0.0313649 seconds
Number of updated asset objects reloaded before import = 0Number of asset objects unloaded after import = 3

========================================================================
Received Import Request.
  Time since last request: 6.781671 seconds.
  path: Assets/Enemies/Sprites/Boss/New Folder/Death_4.png
  artifactKey: Guid(488839897f057a64b96e81dfda4ec5ae) Importer(815301076,1909f56bfc062723c751e8b465ee728b)
Start importing Assets/Enemies/Sprites/Boss/New Folder/Death_4.png using Guid(488839897f057a64b96e81dfda4ec5ae) Importer(815301076,1909f56bfc062723c751e8b465ee728b) (PreviewImporter) -> (artifact id: '65b1c5f28115bf5000a62a8069c650c9') in 0.0365024 seconds
Number of updated asset objects reloaded before import = 0Number of asset objects unloaded after import = 3

========================================================================
Received Import Request.
  Time since last request: 6.559820 seconds.
  path: Assets/Enemies/Sprites/Boss/New Folder/Death_5.png
  artifactKey: Guid(640db42424aa1cd4fac9bc975878aef3) Importer(815301076,1909f56bfc062723c751e8b465ee728b)
Start importing Assets/Enemies/Sprites/Boss/New Folder/Death_5.png using Guid(640db42424aa1cd4fac9bc975878aef3) Importer(815301076,1909f56bfc062723c751e8b465ee728b) (PreviewImporter) -> (artifact id: '32e10dee1078696a75e02cd749aa7819') in 0.0344563 seconds
Number of updated asset objects reloaded before import = 0Number of asset objects unloaded after import = 3

========================================================================
Received Import Request.
  Time since last request: 7.188340 seconds.
  path: Assets/Enemies/Sprites/Boss/New Folder/Death_6.png
  artifactKey: Guid(bfb2200c742d4e7439eba84896def0eb) Importer(815301076,1909f56bfc062723c751e8b465ee728b)
Start importing Assets/Enemies/Sprites/Boss/New Folder/Death_6.png using Guid(bfb2200c742d4e7439eba84896def0eb) Importer(815301076,1909f56bfc062723c751e8b465ee728b) (PreviewImporter) -> (artifact id: 'fe470ebe152cce66f6a6828543642010') in 0.0376971 seconds
Number of updated asset objects reloaded before import = 0Number of asset objects unloaded after import = 3

========================================================================
Received Import Request.
  Time since last request: 384.003429 seconds.
  path: Assets/Enemies/Sprites/Boss/New Folder/Death.png
  artifactKey: Guid(492afe7e55dcb5c4fb826f589ce8ffd5) Importer(815301076,1909f56bfc062723c751e8b465ee728b)
Start importing Assets/Enemies/Sprites/Boss/New Folder/Death.png using Guid(492afe7e55dcb5c4fb826f589ce8ffd5) Importer(815301076,1909f56bfc062723c751e8b465ee728b) (PreviewImporter) -> (artifact id: '5a853d646b41641cf164f02333506d78') in 0.0372068 seconds
Number of updated asset objects reloaded before import = 0Number of asset objects unloaded after import = 3

========================================================================
Received Import Request.
  Time since last request: 106.406359 seconds.
  path: Assets/Enemies/Sprites/Boss/New Folder/Death.png
  artifactKey: Guid(492afe7e55dcb5c4fb826f589ce8ffd5) Importer(815301076,1909f56bfc062723c751e8b465ee728b)
Start importing Assets/Enemies/Sprites/Boss/New Folder/Death.png using Guid(492afe7e55dcb5c4fb826f589ce8ffd5) Importer(815301076,1909f56bfc062723c751e8b465ee728b) (PreviewImporter) -> (artifact id: '79c554cfe3ff9617361891b071b1be55') in 0.0357733 seconds
Number of updated asset objects reloaded before import = 0Number of asset objects unloaded after import = 3

========================================================================
Received Import Request.
  Time since last request: 29.054000 seconds.
  path: Assets/Enemies/Sprites/Boss/New Folder/Death.png
  artifactKey: Guid(492afe7e55dcb5c4fb826f589ce8ffd5) Importer(815301076,1909f56bfc062723c751e8b465ee728b)
Start importing Assets/Enemies/Sprites/Boss/New Folder/Death.png using Guid(492afe7e55dcb5c4fb826f589ce8ffd5) Importer(815301076,1909f56bfc062723c751e8b465ee728b) (PreviewImporter) -> (artifact id: 'e89165c8fe4aa774e5eb3b1f1e2ea694') in 0.0336835 seconds
Number of updated asset objects reloaded before import = 0Number of asset objects unloaded after import = 3

========================================================================
Received Import Request.
  Time since last request: 1434.222538 seconds.
  path: Assets/Enemies/Sprites/Boss/Death
  artifactKey: Guid(551002b8c8125ab4c9fb939319a45e3c) Importer(815301076,1909f56bfc062723c751e8b465ee728b)
Start importing Assets/Enemies/Sprites/Boss/Death using Guid(551002b8c8125ab4c9fb939319a45e3c) Importer(815301076,1909f56bfc062723c751e8b465ee728b) (PreviewImporter) -> (artifact id: 'b5bcde918074e8bb881e558afe904d8e') in 0.010973 seconds
Number of updated asset objects reloaded before import = 0Number of asset objects unloaded after import = 0

========================================================================
Received Import Request.
  Time since last request: 7.536831 seconds.
  path: Assets/Enemies/Sprites/Boss/Run
  artifactKey: Guid(1265fe04605cc1241bb1c184a91bb768) Importer(815301076,1909f56bfc062723c751e8b465ee728b)
Start importing Assets/Enemies/Sprites/Boss/Run using Guid(1265fe04605cc1241bb1c184a91bb768) Importer(815301076,1909f56bfc062723c751e8b465ee728b) (PreviewImporter) -> (artifact id: '81367ab20a0eca7dc05f41c37793ff0b') in 0.0014084 seconds
Number of updated asset objects reloaded before import = 0Number of asset objects unloaded after import = 0

========================================================================
Received Import Request.
  Time since last request: 48.996591 seconds.
  path: Assets/Enemies/Sprites/Boss/Idle
  artifactKey: Guid(1d29b05dbe5368b4fb216a82c96722ae) Importer(815301076,1909f56bfc062723c751e8b465ee728b)
Start importing Assets/Enemies/Sprites/Boss/Idle using Guid(1d29b05dbe5368b4fb216a82c96722ae) Importer(815301076,1909f56bfc062723c751e8b465ee728b) (PreviewImporter) -> (artifact id: '2ea1693955de7331837d9ce4f72e3210') in 0.0042085 seconds
Number of updated asset objects reloaded before import = 0Number of asset objects unloaded after import = 0

========================================================================
Received Import Request.
  Time since last request: 27.451557 seconds.
  path: Assets/Enemies/Sprites/Boss/Hurt
  artifactKey: Guid(e527f6c92c0e5ec46a6fdde862cdb0a3) Importer(815301076,1909f56bfc062723c751e8b465ee728b)
Start importing Assets/Enemies/Sprites/Boss/Hurt using Guid(e527f6c92c0e5ec46a6fdde862cdb0a3) Importer(815301076,1909f56bfc062723c751e8b465ee728b) (PreviewImporter) -> (artifact id: '658de5969315e53e6f31f181c7a6c0ef') in 0.0009277 seconds
Number of updated asset objects reloaded before import = 0Number of asset objects unloaded after import = 0

========================================================================
Received Import Request.
  Time since last request: 163.521085 seconds.
  path: Assets/Enemies/Sprites/Boss/Hurt/Hurt.png
  artifactKey: Guid(84700d1e820c1c3408bdadd74fd7cccb) Importer(815301076,1909f56bfc062723c751e8b465ee728b)
Start importing Assets/Enemies/Sprites/Boss/Hurt/Hurt.png using Guid(84700d1e820c1c3408bdadd74fd7cccb) Importer(815301076,1909f56bfc062723c751e8b465ee728b) (PreviewImporter) -> (artifact id: 'c077d47903962349775afdafd3a79c49') in 0.0956945 seconds
Number of updated asset objects reloaded before import = 0Number of asset objects unloaded after import = 3

========================================================================
Received Import Request.
  Time since last request: 193.939387 seconds.
  path: Assets/Enemies/Sprites/Boss/Hurt/Hurt.png
  artifactKey: Guid(84700d1e820c1c3408bdadd74fd7cccb) Importer(815301076,1909f56bfc062723c751e8b465ee728b)
Start importing Assets/Enemies/Sprites/Boss/Hurt/Hurt.png using Guid(84700d1e820c1c3408bdadd74fd7cccb) Importer(815301076,1909f56bfc062723c751e8b465ee728b) (PreviewImporter) -> (artifact id: 'a41018b7b92f4357cb53dd7c33a5b908') in 0.0406052 seconds
Number of updated asset objects reloaded before import = 0Number of asset objects unloaded after import = 3

========================================================================
Received Import Request.
  Time since last request: 10.382275 seconds.
  path: Assets/Enemies/Sprites/Boss/Hurt/Hurt_1.png
  artifactKey: Guid(2d48160a4c0a21149a9ec3dd0ac7c679) Importer(815301076,1909f56bfc062723c751e8b465ee728b)
Start importing Assets/Enemies/Sprites/Boss/Hurt/Hurt_1.png using Guid(2d48160a4c0a21149a9ec3dd0ac7c679) Importer(815301076,1909f56bfc062723c751e8b465ee728b) (PreviewImporter) -> (artifact id: '81cf1562580bd8da2c20c3fd31755db3') in 0.0406552 seconds
Number of updated asset objects reloaded before import = 0Number of asset objects unloaded after import = 3

========================================================================
Received Import Request.
  Time since last request: 0.000029 seconds.
  path: Assets/Enemies/Sprites/Boss/Hurt/Hurt_3.png
  artifactKey: Guid(d96cd3c764967364088c11b63510f567) Importer(815301076,1909f56bfc062723c751e8b465ee728b)
Start importing Assets/Enemies/Sprites/Boss/Hurt/Hurt_3.png using Guid(d96cd3c764967364088c11b63510f567) Importer(815301076,1909f56bfc062723c751e8b465ee728b) (PreviewImporter) -> (artifact id: '83c8646a1b112fa31e570a182c5de930') in 0.0553617 seconds
Number of updated asset objects reloaded before import = 0Number of asset objects unloaded after import = 3

========================================================================
Received Import Request.
  Time since last request: 9.772873 seconds.
  path: Assets/Enemies/Sprites/Boss/Hurt/Hurt_1.png
  artifactKey: Guid(2d48160a4c0a21149a9ec3dd0ac7c679) Importer(815301076,1909f56bfc062723c751e8b465ee728b)
Start importing Assets/Enemies/Sprites/Boss/Hurt/Hurt_1.png using Guid(2d48160a4c0a21149a9ec3dd0ac7c679) Importer(815301076,1909f56bfc062723c751e8b465ee728b) (PreviewImporter) -> (artifact id: '96af8433bf154fdd1130ad6d14358620') in 0.0460037 seconds
Number of updated asset objects reloaded before import = 0Number of asset objects unloaded after import = 3

========================================================================
Received Import Request.
  Time since last request: 10.437702 seconds.
  path: Assets/Enemies/Sprites/Boss/Hurt/Hurt_2.png
  artifactKey: Guid(978b80741de07e64eb497cee99a812d0) Importer(815301076,1909f56bfc062723c751e8b465ee728b)
Start importing Assets/Enemies/Sprites/Boss/Hurt/Hurt_2.png using Guid(978b80741de07e64eb497cee99a812d0) Importer(815301076,1909f56bfc062723c751e8b465ee728b) (PreviewImporter) -> (artifact id: '394e556b7068cd257260317587b835c1') in 0.0362735 seconds
Number of updated asset objects reloaded before import = 0Number of asset objects unloaded after import = 3

========================================================================
Received Import Request.
  Time since last request: 6.362610 seconds.
  path: Assets/Enemies/Sprites/Boss/Hurt/Hurt_3.png
  artifactKey: Guid(d96cd3c764967364088c11b63510f567) Importer(815301076,1909f56bfc062723c751e8b465ee728b)
Start importing Assets/Enemies/Sprites/Boss/Hurt/Hurt_3.png using Guid(d96cd3c764967364088c11b63510f567) Importer(815301076,1909f56bfc062723c751e8b465ee728b) (PreviewImporter) -> (artifact id: '90b67c7e7556b8d335d05a36babd6e4e') in 0.0294892 seconds
Number of updated asset objects reloaded before import = 0Number of asset objects unloaded after import = 3

